[2026-06-30 13:47:59] INFO: Connected to MongoDB
[2026-06-30 13:47:59] INFO: Server running on http://localhost:5000
[2026-06-30 13:48:05] INFO: Fetching all paintings
[2026-06-30 13:48:05] INFO: Paintings fetched successfully {"count":8}
[2026-06-30 13:48:05] INFO: GET /api/paintings [36m304[39m 81ms {"meta":{}}
[2026-06-30 13:48:05] INFO: Fetching all paintings
[2026-06-30 13:48:05] INFO: Paintings fetched successfully {"count":8}
[2026-06-30 13:48:05] INFO: GET /api/paintings [36m304[39m 51ms {"meta":{}}
[2026-06-30 13:48:09] INFO: Fetching painting {"paintingId":"6a42612d514eea57f10791c8"}
[2026-06-30 13:48:09] INFO: Painting fetched successfully {"paintingId":"6a42612d514eea57f10791c8","title":"The Death of Socrates","relatedCount":0}
[2026-06-30 13:48:09] INFO: GET /api/paintings/6a42612d514eea57f10791c8 [36m304[39m 101ms {"meta":{}}
[2026-06-30 13:48:09] INFO: Fetching painting {"paintingId":"6a42612d514eea57f10791c8"}
[2026-06-30 13:48:09] INFO: Painting fetched successfully {"paintingId":"6a42612d514eea57f10791c8","title":"The Death of Socrates","relatedCount":0}
[2026-06-30 13:48:09] INFO: GET /api/paintings/6a42612d514eea57f10791c8 [36m304[39m 66ms {"meta":{}}
[2026-06-30 14:15:51] INFO: Connected to MongoDB
[2026-06-30 14:15:51] INFO: Server running on http://localhost:5000
[2026-06-30 14:16:10] INFO: Fetching all paintings
[2026-06-30 14:16:10] INFO: Paintings fetched successfully {"count":8}
[2026-06-30 14:16:10] INFO: GET /api/paintings [32m200[39m 79ms {"meta":{}}
[2026-06-30 14:16:10] INFO: Fetching all paintings
[2026-06-30 14:16:10] INFO: Paintings fetched successfully {"count":8}
[2026-06-30 14:16:10] INFO: GET /api/paintings [36m304[39m 40ms {"meta":{}}
[2026-06-30 14:16:11] INFO: Fetching all paintings
[2026-06-30 14:16:11] INFO: Paintings fetched successfully {"count":8}
[2026-06-30 14:16:11] INFO: GET /api/paintings [36m304[39m 45ms {"meta":{}}
[2026-06-30 14:16:11] INFO: Fetching all paintings
[2026-06-30 14:16:11] INFO: Paintings fetched successfully {"count":8}
[2026-06-30 14:16:11] INFO: GET /api/paintings [36m304[39m 40ms {"meta":{}}
[2026-06-30 14:16:12] INFO: Fetching all paintings
[2026-06-30 14:16:12] INFO: Paintings fetched successfully {"count":8}
[2026-06-30 14:16:12] INFO: GET /api/paintings [36m304[39m 43ms {"meta":{}}
[2026-06-30 14:16:12] INFO: Fetching all paintings
[2026-06-30 14:16:12] INFO: Paintings fetched successfully {"count":8}
[2026-06-30 14:16:12] INFO: GET /api/paintings [36m304[39m 40ms {"meta":{}}
[2026-06-30 14:16:15] INFO: Fetching painting {"paintingId":"6a43a57377b2182721d40db1"}
[2026-06-30 14:16:15] INFO: Painting fetched successfully {"paintingId":"6a43a57377b2182721d40db1","title":"The Chess Players","relatedCount":0}
[2026-06-30 14:16:15] INFO: GET /api/paintings/6a43a57377b2182721d40db1 [32m200[39m 41ms {"meta":{}}
[2026-06-30 14:16:15] INFO: Fetching painting {"paintingId":"6a43a57377b2182721d40db1"}
[2026-06-30 14:16:15] INFO: Painting fetched successfully {"paintingId":"6a43a57377b2182721d40db1","title":"The Chess Players","relatedCount":0}
[2026-06-30 14:16:15] INFO: GET /api/paintings/6a43a57377b2182721d40db1 [36m304[39m 42ms {"meta":{}}
[2026-06-30 14:16:19] INFO: Fetching all paintings
[2026-06-30 14:16:19] INFO: Paintings fetched successfully {"count":8}
[2026-06-30 14:16:19] INFO: GET /api/paintings [36m304[39m 48ms {"meta":{}}
[2026-06-30 14:16:19] INFO: Fetching all paintings
[2026-06-30 14:16:19] INFO: Paintings fetched successfully {"count":8}
[2026-06-30 14:16:19] INFO: GET /api/paintings [36m304[39m 40ms {"meta":{}}
[2026-06-30 14:16:22] INFO: Fetching painting {"paintingId":"6a43a57377b2182721d40db1"}
[2026-06-30 14:16:22] INFO: Painting fetched successfully {"paintingId":"6a43a57377b2182721d40db1","title":"The Chess Players","relatedCount":0}
[2026-06-30 14:16:22] INFO: GET /api/paintings/6a43a57377b2182721d40db1 [36m304[39m 45ms {"meta":{}}
[2026-06-30 14:16:22] INFO: Fetching painting {"paintingId":"6a43a57377b2182721d40db1"}
[2026-06-30 14:16:22] INFO: Painting fetched successfully {"paintingId":"6a43a57377b2182721d40db1","title":"The Chess Players","relatedCount":0}
[2026-06-30 14:16:22] INFO: GET /api/paintings/6a43a57377b2182721d40db1 [36m304[39m 43ms {"meta":{}}
[2026-06-30 14:16:24] INFO: Fetching all paintings
[2026-06-30 14:16:24] INFO: Paintings fetched successfully {"count":8}
[2026-06-30 14:16:24] INFO: GET /api/paintings [36m304[39m 38ms {"meta":{}}
[2026-06-30 14:16:24] INFO: Fetching all paintings
[2026-06-30 14:16:24] INFO: Paintings fetched successfully {"count":8}
[2026-06-30 14:16:24] INFO: GET /api/paintings [36m304[39m 39ms {"meta":{}}
[2026-06-30 14:32:27] INFO: Fetching all paintings
[2026-06-30 14:32:27] INFO: Paintings fetched successfully {"count":24}
[2026-06-30 14:32:27] INFO: GET /api/paintings [32m200[39m 53ms {"meta":{}}
[2026-06-30 14:32:27] INFO: Fetching all paintings
[2026-06-30 14:32:27] INFO: Paintings fetched successfully {"count":24}
[2026-06-30 14:32:27] INFO: GET /api/paintings [36m304[39m 48ms {"meta":{}}
[2026-06-30 14:33:07] INFO: Fetching painting {"paintingId":"6a43a94440ce6ee20682b3a8"}
[2026-06-30 14:33:07] INFO: Painting fetched successfully {"paintingId":"6a43a94440ce6ee20682b3a8","title":"The Return of the Prodigal Son","relatedCount":0}
[2026-06-30 14:33:07] INFO: GET /api/paintings/6a43a94440ce6ee20682b3a8 [32m200[39m 46ms {"meta":{}}
[2026-06-30 14:33:07] INFO: Fetching painting {"paintingId":"6a43a94440ce6ee20682b3a8"}
[2026-06-30 14:33:07] INFO: Painting fetched successfully {"paintingId":"6a43a94440ce6ee20682b3a8","title":"The Return of the Prodigal Son","relatedCount":0}
[2026-06-30 14:33:07] INFO: GET /api/paintings/6a43a94440ce6ee20682b3a8 [36m304[39m 55ms {"meta":{}}
[2026-06-30 14:33:10] INFO: Fetching all paintings
[2026-06-30 14:33:11] INFO: Paintings fetched successfully {"count":24}
[2026-06-30 14:33:11] INFO: GET /api/paintings [36m304[39m 40ms {"meta":{}}
[2026-06-30 14:33:11] INFO: Fetching all paintings
[2026-06-30 14:33:11] INFO: Paintings fetched successfully {"count":24}
[2026-06-30 14:33:11] INFO: GET /api/paintings [36m304[39m 44ms {"meta":{}}
[2026-06-30 14:33:12] INFO: Fetching painting {"paintingId":"6a43a94440ce6ee20682b3a5"}
[2026-06-30 14:33:12] INFO: Painting fetched successfully {"paintingId":"6a43a94440ce6ee20682b3a5","title":"The Isle of the Dead","relatedCount":0}
[2026-06-30 14:33:12] INFO: GET /api/paintings/6a43a94440ce6ee20682b3a5 [32m200[39m 37ms {"meta":{}}
[2026-06-30 14:33:12] INFO: Fetching painting {"paintingId":"6a43a94440ce6ee20682b3a5"}
[2026-06-30 14:33:13] INFO: Painting fetched successfully {"paintingId":"6a43a94440ce6ee20682b3a5","title":"The Isle of the Dead","relatedCount":0}
[2026-06-30 14:33:13] INFO: GET /api/paintings/6a43a94440ce6ee20682b3a5 [36m304[39m 40ms {"meta":{}}
[2026-06-30 14:33:14] INFO: Fetching all paintings
[2026-06-30 14:33:14] INFO: Paintings fetched successfully {"count":24}
[2026-06-30 14:33:14] INFO: GET /api/paintings [36m304[39m 41ms {"meta":{}}
[2026-06-30 14:33:14] INFO: Fetching all paintings
[2026-06-30 14:33:14] INFO: Paintings fetched successfully {"count":24}
[2026-06-30 14:33:14] INFO: GET /api/paintings [36m304[39m 46ms {"meta":{}}
[2026-06-30 14:33:15] INFO: Fetching painting {"paintingId":"6a43a94440ce6ee20682b3a6"}
[2026-06-30 14:33:15] INFO: Painting fetched successfully {"paintingId":"6a43a94440ce6ee20682b3a6","title":"The Sleep of Reason Produces Monsters","relatedCount":0}
[2026-06-30 14:33:15] INFO: GET /api/paintings/6a43a94440ce6ee20682b3a6 [32m200[39m 39ms {"meta":{}}
[2026-06-30 14:33:15] INFO: Fetching painting {"paintingId":"6a43a94440ce6ee20682b3a6"}
[2026-06-30 14:33:15] INFO: Painting fetched successfully {"paintingId":"6a43a94440ce6ee20682b3a6","title":"The Sleep of Reason Produces Monsters","relatedCount":0}
[2026-06-30 14:33:15] INFO: GET /api/paintings/6a43a94440ce6ee20682b3a6 [36m304[39m 41ms {"meta":{}}
[2026-06-30 14:33:16] INFO: Fetching all paintings
[2026-06-30 14:33:17] INFO: Paintings fetched successfully {"count":24}
[2026-06-30 14:33:17] INFO: GET /api/paintings [36m304[39m 55ms {"meta":{}}
[2026-06-30 14:33:17] INFO: Fetching all paintings
[2026-06-30 14:33:17] INFO: Paintings fetched successfully {"count":24}
[2026-06-30 14:33:17] INFO: GET /api/paintings [36m304[39m 38ms {"meta":{}}
[2026-06-30 14:33:19] INFO: Fetching painting {"paintingId":"6a43a94440ce6ee20682b3a1"}
[2026-06-30 14:33:19] INFO: Painting fetched successfully {"paintingId":"6a43a94440ce6ee20682b3a1","title":"The Raft of the Medusa","relatedCount":0}
[2026-06-30 14:33:19] INFO: GET /api/paintings/6a43a94440ce6ee20682b3a1 [32m200[39m 38ms {"meta":{}}
[2026-06-30 14:33:19] INFO: Fetching painting {"paintingId":"6a43a94440ce6ee20682b3a1"}
[2026-06-30 14:33:19] INFO: Painting fetched successfully {"paintingId":"6a43a94440ce6ee20682b3a1","title":"The Raft of the Medusa","relatedCount":0}
[2026-06-30 14:33:19] INFO: GET /api/paintings/6a43a94440ce6ee20682b3a1 [36m304[39m 39ms {"meta":{}}
[2026-06-30 14:33:21] INFO: Fetching all paintings
[2026-06-30 14:33:21] INFO: Paintings fetched successfully {"count":24}
[2026-06-30 14:33:21] INFO: GET /api/paintings [36m304[39m 38ms {"meta":{}}
[2026-06-30 14:33:21] INFO: Fetching all paintings
[2026-06-30 14:33:21] INFO: Paintings fetched successfully {"count":24}
[2026-06-30 14:33:21] INFO: GET /api/paintings [36m304[39m 41ms {"meta":{}}
[2026-06-30 14:42:07] INFO: Connected to MongoDB
[2026-06-30 14:42:07] INFO: Server running on http://localhost:5000
[2026-06-30 14:47:22] INFO: 🔗 Building painting relationships...
[2026-06-30 14:47:22] INFO: Updated: The Death of Socrates
[2026-06-30 14:47:22] INFO: Updated: Reply of the Zaporozhian Cossacks
[2026-06-30 14:47:22] INFO: Updated: Water from the Rock
[2026-06-30 14:47:23] INFO: Updated: The Bard
[2026-06-30 14:47:23] INFO: Updated: The Chess Players
[2026-06-30 14:47:23] INFO: Updated: Daniel in the Lion's Den
[2026-06-30 14:47:23] INFO: Updated: The Knight in the Enchanted Garden
[2026-06-30 14:47:23] INFO: Updated: The Knight of the White Cross
[2026-06-30 14:47:23] INFO: Updated: The Oath of the Horatii
[2026-06-30 14:47:23] INFO: Updated: The Coronation of Napoleon
[2026-06-30 14:47:23] INFO: Updated: The Death of Marat
[2026-06-30 14:47:23] INFO: Updated: The Apotheosis of Homer
[2026-06-30 14:47:23] INFO: Updated: Liberty Leading the People
[2026-06-30 14:47:23] INFO: Updated: The Raft of the Medusa
[2026-06-30 14:47:23] INFO: Updated: Wanderer above the Sea of Fog
[2026-06-30 14:47:23] INFO: Updated: The Nightmare
[2026-06-30 14:47:23] INFO: Updated: Ophelia
[2026-06-30 14:47:23] INFO: Updated: The Isle of the Dead
[2026-06-30 14:47:23] INFO: Updated: The Sleep of Reason Produces Monsters
[2026-06-30 14:47:23] INFO: Updated: The Kiss
[2026-06-30 14:47:23] INFO: Updated: The Return of the Prodigal Son
[2026-06-30 14:47:23] INFO: Updated: The Last Supper
[2026-06-30 14:47:23] INFO: Updated: The Creation of Adam
[2026-06-30 14:47:23] INFO: Updated: Ivan the Terrible and His Son Ivan
[2026-06-30 14:47:23] INFO: ✅ Relationship graph built successfully
[2026-06-30 14:48:03] INFO: Connected to MongoDB
[2026-06-30 14:48:03] INFO: Server running on http://localhost:5000
[2026-06-30 14:49:03] INFO: 🔗 Building painting relationships...
[2026-06-30 14:49:03] INFO: Updated: The Death of Socrates
[2026-06-30 14:49:03] INFO: Updated: Reply of the Zaporozhian Cossacks
[2026-06-30 14:49:03] INFO: Updated: Water from the Rock
[2026-06-30 14:49:04] INFO: Updated: The Bard
[2026-06-30 14:49:04] INFO: Updated: The Chess Players
[2026-06-30 14:49:04] INFO: Updated: Daniel in the Lion's Den
[2026-06-30 14:49:04] INFO: Updated: The Knight in the Enchanted Garden
[2026-06-30 14:49:04] INFO: Updated: The Knight of the White Cross
[2026-06-30 14:49:04] INFO: Updated: The Oath of the Horatii
[2026-06-30 14:49:04] INFO: Updated: The Coronation of Napoleon
[2026-06-30 14:49:04] INFO: Updated: The Death of Marat
[2026-06-30 14:49:04] INFO: Updated: The Apotheosis of Homer
[2026-06-30 14:49:04] INFO: Updated: Liberty Leading the People
[2026-06-30 14:49:04] INFO: Updated: The Raft of the Medusa
[2026-06-30 14:49:04] INFO: Updated: Wanderer above the Sea of Fog
[2026-06-30 14:49:04] INFO: Updated: The Nightmare
[2026-06-30 14:49:04] INFO: Updated: Ophelia
[2026-06-30 14:49:04] INFO: Updated: The Isle of the Dead
[2026-06-30 14:49:04] INFO: Updated: The Sleep of Reason Produces Monsters
[2026-06-30 14:49:04] INFO: Updated: The Kiss
[2026-06-30 14:49:04] INFO: Updated: The Return of the Prodigal Son
[2026-06-30 14:49:04] INFO: Updated: The Last Supper
[2026-06-30 14:49:04] INFO: Updated: The Creation of Adam
[2026-06-30 14:49:04] INFO: Updated: Ivan the Terrible and His Son Ivan
[2026-06-30 14:49:04] INFO: ✅ Relationship graph built successfully
[2026-06-30 14:49:52] INFO: 📊 Exporting graph data...
[2026-06-30 14:49:52] INFO: 📁 graph.json generated successfully
[2026-06-30 14:56:34] INFO: Connected to MongoDB
[2026-06-30 14:56:34] INFO: Server running on http://localhost:5000
[2026-06-30 14:56:39] INFO: 📊 Exporting graph data...
[2026-06-30 14:56:40] INFO: 📁 graph.json generated successfully
[2026-06-30 14:57:39] INFO: Fetching all paintings
[2026-06-30 14:57:39] INFO: Paintings fetched successfully {"count":24}
[2026-06-30 14:57:39] INFO: GET /api/paintings [32m200[39m 53ms {"meta":{}}
[2026-06-30 14:57:39] INFO: Fetching all paintings
[2026-06-30 14:57:39] INFO: Paintings fetched successfully {"count":24}
[2026-06-30 14:57:39] INFO: GET /api/paintings [36m304[39m 48ms {"meta":{}}
[2026-06-30 14:57:54] INFO: GET /graph.json [32m200[39m 5ms {"meta":{}}
[2026-06-30 14:57:54] INFO: GET /graph.json [36m304[39m 0ms {"meta":{}}
